::1 - - [15/Apr/2023:05:52:02 +0000] "GET / HTTP/1.1" 304 - "-" "Mozilla/5.0 (Windows NT 10.0; Win64; x64) AppleWebKit/537.36 (KHTML, like Gecko) Chrome/112.0.0.0 Safari/537.36"
::1 - - [15/Apr/2023:05:52:02 +0000] "GET /favicon.ico HTTP/1.1" 404 150 "http://localhost:8000/" "Mozilla/5.0 (Windows NT 10.0; Win64; x64) AppleWebKit/537.36 (KHTML, like Gecko) Chrome/112.0.0.0 Safari/537.36"
::1 - - [15/Apr/2023:05:52:05 +0000] "GET /users/sign_in HTTP/1.1" 200 1369 "http://localhost:8000/" "Mozilla/5.0 (Windows NT 10.0; Win64; x64) AppleWebKit/537.36 (KHTML, like Gecko) Chrome/112.0.0.0 Safari/537.36"
::1 - - [15/Apr/2023:05:52:10 +0000] "POST /users/create-session HTTP/1.1" 302 72 "http://localhost:8000/users/sign_in" "Mozilla/5.0 (Windows NT 10.0; Win64; x64) AppleWebKit/537.36 (KHTML, like Gecko) Chrome/112.0.0.0 Safari/537.36"
::1 - - [15/Apr/2023:05:52:10 +0000] "GET /users/sign_in HTTP/1.1" 200 1612 "http://localhost:8000/users/sign_in" "Mozilla/5.0 (Windows NT 10.0; Win64; x64) AppleWebKit/537.36 (KHTML, like Gecko) Chrome/112.0.0.0 Safari/537.36"
::1 - - [15/Apr/2023:05:52:15 +0000] "GET /users/auth/google HTTP/1.1" 302 0 "http://localhost:8000/users/sign_in" "Mozilla/5.0 (Windows NT 10.0; Win64; x64) AppleWebKit/537.36 (KHTML, like Gecko) Chrome/112.0.0.0 Safari/537.36"
::1 - - [15/Apr/2023:05:52:16 +0000] "GET /users/auth/google/callback?code=4%2F0AVHEtk6nU78Ep1e0aF830mvG_gyMtjlUJZeVhmu0LjDZ1KfGrLQSjgTejBHCG6pxXMJVTQ&scope=email+profile+https%3A%2F%2Fwww.googleapis.com%2Fauth%2Fuserinfo.profile+https%3A%2F%2Fwww.googleapis.com%2Fauth%2Fuserinfo.email+openid&authuser=0&prompt=none HTTP/1.1" 302 46 "http://localhost:8000/" "Mozilla/5.0 (Windows NT 10.0; Win64; x64) AppleWebKit/537.36 (KHTML, like Gecko) Chrome/112.0.0.0 Safari/537.36"
::1 - - [15/Apr/2023:05:52:16 +0000] "GET / HTTP/1.1" 200 4057 "http://localhost:8000/" "Mozilla/5.0 (Windows NT 10.0; Win64; x64) AppleWebKit/537.36 (KHTML, like Gecko) Chrome/112.0.0.0 Safari/537.36"
::1 - - [15/Apr/2023:05:52:39 +0000] "GET /users/sign_out HTTP/1.1" 302 46 "http://localhost:8000/" "Mozilla/5.0 (Windows NT 10.0; Win64; x64) AppleWebKit/537.36 (KHTML, like Gecko) Chrome/112.0.0.0 Safari/537.36"
::1 - - [15/Apr/2023:05:52:39 +0000] "GET / HTTP/1.1" 200 1878 "http://localhost:8000/" "Mozilla/5.0 (Windows NT 10.0; Win64; x64) AppleWebKit/537.36 (KHTML, like Gecko) Chrome/112.0.0.0 Safari/537.36"
::1 - - [15/Apr/2023:05:52:48 +0000] "GET / HTTP/1.1" 200 1635 "http://localhost:8000/" "Mozilla/5.0 (Windows NT 10.0; Win64; x64) AppleWebKit/537.36 (KHTML, like Gecko) Chrome/112.0.0.0 Safari/537.36"
[0mGET / [36m304[0m 83.144 ms - -[0m
[0mGET /users/sign_in [32m200[0m 10.755 ms - 1369[0m
[0mPOST /users/create-session [36m302[0m 21.663 ms - 46[0m
[0mGET / [32m200[0m 43.703 ms - 7070[0m
[0mGET / [32m200[0m 120.876 ms - 6828[0m
[0mGET / [36m304[0m 52.031 ms - -[0m
[0mGET / [36m304[0m 37.442 ms - -[0m
::1 - - [15/Apr/2023:09:12:08 +0000] "GET / HTTP/1.1" 200 1635 "http://localhost:8000/users/sign_in" "Mozilla/5.0 (Windows NT 10.0; Win64; x64) AppleWebKit/537.36 (KHTML, like Gecko) Chrome/112.0.0.0 Safari/537.36"
::1 - - [15/Apr/2023:09:12:08 +0000] "GET /js/chat_engine.js HTTP/1.1" 404 156 "http://localhost:8000/" "Mozilla/5.0 (Windows NT 10.0; Win64; x64) AppleWebKit/537.36 (KHTML, like Gecko) Chrome/112.0.0.0 Safari/537.36"
::1 - - [15/Apr/2023:09:12:08 +0000] "GET /css/layout.css HTTP/1.1" 404 153 "http://localhost:8000/" "Mozilla/5.0 (Windows NT 10.0; Win64; x64) AppleWebKit/537.36 (KHTML, like Gecko) Chrome/112.0.0.0 Safari/537.36"
::1 - - [15/Apr/2023:09:12:18 +0000] "GET /users/sign_in HTTP/1.1" 304 - "http://localhost:8000/" "Mozilla/5.0 (Windows NT 10.0; Win64; x64) AppleWebKit/537.36 (KHTML, like Gecko) Chrome/112.0.0.0 Safari/537.36"
::1 - - [15/Apr/2023:09:12:18 +0000] "GET /css/layout.css HTTP/1.1" 404 153 "http://localhost:8000/users/sign_in" "Mozilla/5.0 (Windows NT 10.0; Win64; x64) AppleWebKit/537.36 (KHTML, like Gecko) Chrome/112.0.0.0 Safari/537.36"
::1 - - [15/Apr/2023:09:12:21 +0000] "GET /users/sign_in HTTP/1.1" 304 - "http://localhost:8000/" "Mozilla/5.0 (Windows NT 10.0; Win64; x64) AppleWebKit/537.36 (KHTML, like Gecko) Chrome/112.0.0.0 Safari/537.36"
::1 - - [15/Apr/2023:09:12:21 +0000] "GET /css/layout.css HTTP/1.1" 404 153 "http://localhost:8000/users/sign_in" "Mozilla/5.0 (Windows NT 10.0; Win64; x64) AppleWebKit/537.36 (KHTML, like Gecko) Chrome/112.0.0.0 Safari/537.36"
::1 - - [15/Apr/2023:09:12:23 +0000] "GET /users/sign_up HTTP/1.1" 200 1521 "http://localhost:8000/users/sign_in" "Mozilla/5.0 (Windows NT 10.0; Win64; x64) AppleWebKit/537.36 (KHTML, like Gecko) Chrome/112.0.0.0 Safari/537.36"
::1 - - [15/Apr/2023:09:12:23 +0000] "GET /css/layout.css HTTP/1.1" 404 153 "http://localhost:8000/users/sign_up" "Mozilla/5.0 (Windows NT 10.0; Win64; x64) AppleWebKit/537.36 (KHTML, like Gecko) Chrome/112.0.0.0 Safari/537.36"
::1 - - [15/Apr/2023:09:12:25 +0000] "GET /users/sign_up HTTP/1.1" 304 - "http://localhost:8000/users/sign_in" "Mozilla/5.0 (Windows NT 10.0; Win64; x64) AppleWebKit/537.36 (KHTML, like Gecko) Chrome/112.0.0.0 Safari/537.36"
::1 - - [15/Apr/2023:09:12:25 +0000] "GET /css/layout.css HTTP/1.1" 404 153 "http://localhost:8000/users/sign_up" "Mozilla/5.0 (Windows NT 10.0; Win64; x64) AppleWebKit/537.36 (KHTML, like Gecko) Chrome/112.0.0.0 Safari/537.36"
::1 - - [15/Apr/2023:09:12:40 +0000] "GET /users/sign_up HTTP/1.1" 304 - "http://localhost:8000/users/sign_in" "Mozilla/5.0 (Windows NT 10.0; Win64; x64) AppleWebKit/537.36 (KHTML, like Gecko) Chrome/112.0.0.0 Safari/537.36"
::1 - - [15/Apr/2023:09:12:40 +0000] "GET /css/layout.css HTTP/1.1" 404 153 "http://localhost:8000/users/sign_up" "Mozilla/5.0 (Windows NT 10.0; Win64; x64) AppleWebKit/537.36 (KHTML, like Gecko) Chrome/112.0.0.0 Safari/537.36"
::1 - - [15/Apr/2023:09:12:40 +0000] "GET /css/layout.css HTTP/1.1" 404 153 "http://localhost:8000/users/sign_up" "Mozilla/5.0 (Windows NT 10.0; Win64; x64) AppleWebKit/537.36 (KHTML, like Gecko) Chrome/112.0.0.0 Safari/537.36"
::1 - - [15/Apr/2023:09:24:11 +0000] "GET /users/sign_up HTTP/1.1" 304 - "http://localhost:8000/users/sign_in" "Mozilla/5.0 (Windows NT 10.0; Win64; x64) AppleWebKit/537.36 (KHTML, like Gecko) Chrome/112.0.0.0 Safari/537.36"
::1 - - [15/Apr/2023:09:24:11 +0000] "GET /css/layout.css HTTP/1.1" 404 153 "http://localhost:8000/users/sign_up" "Mozilla/5.0 (Windows NT 10.0; Win64; x64) AppleWebKit/537.36 (KHTML, like Gecko) Chrome/112.0.0.0 Safari/537.36"
::1 - - [15/Apr/2023:09:24:13 +0000] "GET /users/sign_up HTTP/1.1" 304 - "http://localhost:8000/users/sign_in" "Mozilla/5.0 (Windows NT 10.0; Win64; x64) AppleWebKit/537.36 (KHTML, like Gecko) Chrome/112.0.0.0 Safari/537.36"
::1 - - [15/Apr/2023:09:24:13 +0000] "GET /css/layout.css HTTP/1.1" 404 153 "http://localhost:8000/users/sign_up" "Mozilla/5.0 (Windows NT 10.0; Win64; x64) AppleWebKit/537.36 (KHTML, like Gecko) Chrome/112.0.0.0 Safari/537.36"
::1 - - [15/Apr/2023:09:24:13 +0000] "GET /css/layout.css HTTP/1.1" 404 153 "http://localhost:8000/users/sign_up" "Mozilla/5.0 (Windows NT 10.0; Win64; x64) AppleWebKit/537.36 (KHTML, like Gecko) Chrome/112.0.0.0 Safari/537.36"
::1 - - [15/Apr/2023:09:24:27 +0000] "GET /users/sign_up HTTP/1.1" 304 - "http://localhost:8000/users/sign_in" "Mozilla/5.0 (Windows NT 10.0; Win64; x64) AppleWebKit/537.36 (KHTML, like Gecko) Chrome/112.0.0.0 Safari/537.36"
::1 - - [15/Apr/2023:09:24:28 +0000] "GET /css/layout.css HTTP/1.1" 404 153 "http://localhost:8000/users/sign_up" "Mozilla/5.0 (Windows NT 10.0; Win64; x64) AppleWebKit/537.36 (KHTML, like Gecko) Chrome/112.0.0.0 Safari/537.36"
::ffff:127.0.0.1 - - [15/Apr/2023:09:25:14 +0000] "GET / HTTP/1.1" 304 - "-" "Mozilla/5.0 (Windows NT 10.0; Win64; x64) AppleWebKit/537.36 (KHTML, like Gecko) Chrome/112.0.0.0 Safari/537.36"
::ffff:127.0.0.1 - - [15/Apr/2023:09:25:21 +0000] "GET / HTTP/1.1" 304 - "-" "Mozilla/5.0 (Windows NT 10.0; Win64; x64) AppleWebKit/537.36 (KHTML, like Gecko) Chrome/112.0.0.0 Safari/537.36"
::ffff:127.0.0.1 - - [15/Apr/2023:09:25:23 +0000] "GET /users/sign_in HTTP/1.1" 304 - "http://localhost:8000/" "Mozilla/5.0 (Windows NT 10.0; Win64; x64) AppleWebKit/537.36 (KHTML, like Gecko) Chrome/112.0.0.0 Safari/537.36"
::ffff:127.0.0.1 - - [15/Apr/2023:09:25:26 +0000] "GET /users/auth/google HTTP/1.1" 302 0 "http://localhost:8000/users/sign_in" "Mozilla/5.0 (Windows NT 10.0; Win64; x64) AppleWebKit/537.36 (KHTML, like Gecko) Chrome/112.0.0.0 Safari/537.36"
::ffff:127.0.0.1 - - [15/Apr/2023:09:25:27 +0000] "GET /users/auth/google/callback?code=4%2F0AVHEtk7QL75BfKbiYmvHmI5Ix7zSQPjVom4HMv6r9HU39gowDCoWCrF6ZLf23Ll3Tde_PA&scope=email+profile+https%3A%2F%2Fwww.googleapis.com%2Fauth%2Fuserinfo.profile+openid+https%3A%2F%2Fwww.googleapis.com%2Fauth%2Fuserinfo.email&authuser=0&prompt=none HTTP/1.1" 302 46 "http://localhost:8000/" "Mozilla/5.0 (Windows NT 10.0; Win64; x64) AppleWebKit/537.36 (KHTML, like Gecko) Chrome/112.0.0.0 Safari/537.36"
::ffff:127.0.0.1 - - [15/Apr/2023:09:25:27 +0000] "GET / HTTP/1.1" 200 4057 "http://localhost:8000/" "Mozilla/5.0 (Windows NT 10.0; Win64; x64) AppleWebKit/537.36 (KHTML, like Gecko) Chrome/112.0.0.0 Safari/537.36"
::1 - - [15/Apr/2023:09:25:33 +0000] "GET /users/profile/?id=64393173c200ef93ced7e445 HTTP/1.1" 200 1588 "http://localhost:8000/" "Mozilla/5.0 (Windows NT 10.0; Win64; x64) AppleWebKit/537.36 (KHTML, like Gecko) Chrome/112.0.0.0 Safari/537.36"
[0mGET / [32m200[0m 262.027 ms - 1635[0m
[0mGET /favicon.ico [33m404[0m 19.004 ms - 150[0m
[0mGET /users/sign_in [32m200[0m 28.465 ms - 1369[0m
[0mGET /users/auth/google [36m302[0m 12.714 ms - 0[0m
[0mGET / [32m200[0m 232.037 ms - 1635[0m
[0mGET /favicon.ico [33m404[0m 16.003 ms - 150[0m
[0mGET / [36m304[0m 50.616 ms - -[0m
[0mGET / [36m304[0m 58.604 ms - -[0m
[0mGET / [36m304[0m 52.203 ms - -[0m
[0mGET / [36m304[0m 33.255 ms - -[0m
[0mGET / [36m304[0m 33.366 ms - -[0m
[0mGET / [36m304[0m 29.800 ms - -[0m
[0mGET / [36m304[0m 29.676 ms - -[0m
[0mGET / [36m304[0m 27.735 ms - -[0m
[0mGET / [36m304[0m 29.576 ms - -[0m
[0mGET / [36m304[0m 33.774 ms - -[0m
[0mGET / [36m304[0m 48.449 ms - -[0m
[0mGET / [32m200[0m 35.169 ms - 1644[0m
[0mGET / [36m304[0m 50.263 ms - -[0m
[0mGET / [36m304[0m 41.949 ms - -[0m
[0mGET / [36m304[0m 48.162 ms - -[0m
[0mGET / [36m304[0m 40.836 ms - -[0m
[0mGET / [36m304[0m 40.630 ms - -[0m
[0mGET / [36m304[0m 40.396 ms - -[0m
[0mGET / [36m304[0m 32.338 ms - -[0m
[0mGET / [36m304[0m 41.227 ms - -[0m
[0mGET / [36m304[0m 54.008 ms - -[0m
[0mGET / [36m304[0m 39.649 ms - -[0m
[0mGET / [36m304[0m 38.100 ms - -[0m
[0mGET / [36m304[0m 37.046 ms - -[0m
[0mGET / [36m304[0m 42.013 ms - -[0m
[0mGET / [36m304[0m 48.871 ms - -[0m
[0mGET /users/sign_in [32m200[0m 12.051 ms - 1378[0m
[0mGET /users/sign_up [32m200[0m 14.110 ms - 1530[0m
[0mGET / [36m304[0m 29.882 ms - -[0m
[0mGET /users/sign_in [36m304[0m 12.375 ms - -[0m
[0mPOST /users/create-session [36m302[0m 75.413 ms - 46[0m
[0mGET / [32m200[0m 44.043 ms - 7079[0m
[0mGET / [32m200[0m 45.029 ms - 6837[0m
[0mGET / [36m304[0m 54.732 ms - -[0m
[0mGET /users/sign_out [36m302[0m 11.957 ms - 46[0m
[0mGET / [32m200[0m 24.446 ms - 1887[0m
[0mGET / [32m200[0m 44.434 ms - 1642[0m
[0mGET / [32m200[0m 37.338 ms - 1686[0m
[0mGET / [32m200[0m 36.582 ms - 1722[0m
[0mGET / [36m304[0m 35.383 ms - -[0m
[0mGET / [36m304[0m 42.269 ms - -[0m
[0mGET / [36m304[0m 38.499 ms - -[0m
[0mGET / [36m304[0m 36.706 ms - -[0m
[0mGET / [32m200[0m 35.143 ms - 1480[0m
[0mGET / [32m200[0m 44.007 ms - 1470[0m
[0mGET / [36m304[0m 48.132 ms - -[0m
[0mGET / [36m304[0m 36.579 ms - -[0m
[0mGET /users/sign_in [36m304[0m 14.634 ms - -[0m
[0mGET /users/sign_up [36m304[0m 10.495 ms - -[0m
[0mGET / [36m304[0m 27.105 ms - -[0m
[0mGET / [32m200[0m 26.106 ms - 2529[0m
[0mGET / [32m200[0m 30.563 ms - 2800[0m
[0mGET / [32m200[0m 31.186 ms - 2650[0m
[0mGET / [36m304[0m 36.407 ms - -[0m
[0mGET / [36m304[0m 31.525 ms - -[0m
[0mGET / [36m304[0m 38.274 ms - -[0m
[0mGET / [36m304[0m 42.130 ms - -[0m
[0mGET / [36m304[0m 30.079 ms - -[0m
[0mGET / [36m304[0m 37.095 ms - -[0m
[0mGET / [36m304[0m 47.486 ms - -[0m
[0mGET / [36m304[0m 36.434 ms - -[0m
[0mGET / [36m304[0m 45.527 ms - -[0m
[0mGET / [36m304[0m 63.245 ms - -[0m
[0mGET / [36m304[0m 33.891 ms - -[0m
[0mGET / [36m304[0m 40.135 ms - -[0m
[0mGET / [36m304[0m 41.355 ms - -[0m
[0mGET / [36m304[0m 37.911 ms - -[0m
[0mGET / [36m304[0m 43.647 ms - -[0m
[0mGET / [36m304[0m 42.203 ms - -[0m
[0mGET /users/sign_in [32m200[0m 8.079 ms - 2558[0m
[0mGET /users/css/footer.css [33m404[0m 12.946 ms - 159[0m
[0mGET /users/sign_in [32m200[0m 15.387 ms - 2730[0m
[0mGET /users/css/footer.css [33m404[0m 9.209 ms - 159[0m
[0mGET /users/css/footer.css [33m404[0m 5.633 ms - 159[0m
[0mGET /users/sign_in [36m304[0m 9.670 ms - -[0m
[0mGET /users/css/footer.css [33m404[0m 6.628 ms - 159[0m
[0mGET /users/css/footer.css [33m404[0m 7.213 ms - 159[0m
[0mGET / [32m200[0m 26.418 ms - 2822[0m
[0mGET /users/sign_in [32m200[0m 9.331 ms - 2564[0m
[0mGET /users/css/footer.css [33m404[0m 7.353 ms - 159[0m
[0mGET /users/sign_in [36m304[0m 14.099 ms - -[0m
[0mGET /users/css/footer.css [33m404[0m 6.408 ms - 159[0m
[0mGET /users/sign_up [32m200[0m 9.752 ms - 2716[0m
[0mGET /users/css/footer.css [33m404[0m 7.754 ms - 159[0m
[0mGET /users/sign_in [36m304[0m 10.495 ms - -[0m
[0mGET /users/css/footer.css [33m404[0m 7.429 ms - 159[0m
[0mPOST /users/create-session [36m302[0m 9.893 ms - 72[0m
[0mGET /users/sign_in [32m200[0m 11.178 ms - 2807[0m
[0mGET /users/css/footer.css [33m404[0m 8.244 ms - 159[0m
[0mPOST /users/create-session [36m302[0m 17.624 ms - 46[0m
[0mGET / [32m200[0m 35.202 ms - 8334[0m
[0mGET / [32m200[0m 43.704 ms - 8092[0m
[0mGET /users/sign_out [36m302[0m 9.214 ms - 46[0m
[0mGET / [32m200[0m 32.794 ms - 2899[0m
[0mGET /users/sign_in [32m200[0m 9.091 ms - 2564[0m
[0mGET /users/css/footer.css [33m404[0m 8.608 ms - 159[0m
[0mGET /users/sign_in [32m200[0m 14.571 ms - 2729[0m
[0mGET /users/css/footer.css [33m404[0m 8.378 ms - 159[0m
[0mGET /users/sign_in [36m304[0m 8.878 ms - -[0m
[0mGET /users/css/footer.css [33m404[0m 7.191 ms - 159[0m
[0mGET /users/sign_in [36m304[0m 9.188 ms - -[0m
[0mGET /users/css/footer.css [33m404[0m 7.191 ms - 159[0m
[0mGET /users/sign_in [36m304[0m 11.366 ms - -[0m
[0mGET /users/css/footer.css [33m404[0m 5.644 ms - 159[0m
[0mGET /users/sign_in [36m304[0m 8.503 ms - -[0m
[0mGET /users/css/footer.css [33m404[0m 6.714 ms - 159[0m
[0mGET /users/sign_in [36m304[0m 8.918 ms - -[0m
[0mGET /users/css/footer.css [33m404[0m 7.038 ms - 159[0m
[0mGET /users/sign_in [36m304[0m 13.824 ms - -[0m
[0mGET /users/css/footer.css [33m404[0m 6.437 ms - 159[0m
[0mGET /users/sign_in [32m200[0m 17.576 ms - 2891[0m
[0mGET /users/css/footer.css [33m404[0m 8.808 ms - 159[0m
[0mGET /users/css/footer.css [33m404[0m 10.219 ms - 159[0m
[0mGET /users/sign_in [32m200[0m 21.179 ms - 2558[0m
[0mGET /users/css/footer.css [33m404[0m 9.085 ms - 159[0m
[0mGET /users/sign_in [32m200[0m 12.216 ms - 2557[0m
[0mGET / [32m200[0m 39.172 ms - 2649[0m
[0mGET / [36m304[0m 41.922 ms - -[0m
[0mGET /users/sign_in [36m304[0m 11.153 ms - -[0m
[0mGET /users/sign_in [32m200[0m 17.537 ms - 2632[0m
[0mGET /users/sign_in [36m304[0m 9.373 ms - -[0m
[0mGET /users/sign_in [36m304[0m 15.164 ms - -[0m
[0mGET /users/sign_in [36m304[0m 9.452 ms - -[0m
[0mGET /users/sign_in [32m200[0m 15.673 ms - 2629[0m
[0mGET /users/sign_in [36m304[0m 13.272 ms - -[0m
[0mGET /users/sign_in [36m304[0m 9.379 ms - -[0m
[0mGET /users/sign_in [32m200[0m 14.889 ms - 2681[0m
[0mGET /users/sign_in [32m200[0m 16.313 ms - 2682[0m
[0mGET /users/sign_in [32m200[0m 13.381 ms - 2689[0m
[0mGET /users/sign_in [36m304[0m 17.033 ms - -[0m
[0mGET /users/sign_in [36m304[0m 11.338 ms - -[0m
[0mGET /users/sign_in [36m304[0m 12.109 ms - -[0m
[0mGET /users/sign_in [36m304[0m 14.134 ms - -[0m
[0mGET /users/sign_in [36m304[0m 15.907 ms - -[0m
[0mGET /users/sign_in [36m304[0m 13.511 ms - -[0m
[0mGET /users/sign_in [36m304[0m 15.536 ms - -[0m
[0mGET /users/sign_in [36m304[0m 12.625 ms - -[0m
[0mGET /users/sign_in [36m304[0m 13.316 ms - -[0m
[0mGET /users/sign_in [36m304[0m 17.238 ms - -[0m
[0mGET /users/sign_in [36m304[0m 13.604 ms - -[0m
[0mGET /users/sign_in [36m304[0m 21.028 ms - -[0m
[0mGET /users/sign_in [36m304[0m 13.060 ms - -[0m
[0mGET /users/sign_in [36m304[0m 12.860 ms - -[0m
[0mGET /users/sign_in [36m304[0m 12.604 ms - -[0m
[0mGET /users/sign_in [36m304[0m 15.854 ms - -[0m
[0mGET /users/sign_in [36m304[0m 15.764 ms - -[0m
[0mGET /users/sign_in [36m304[0m 15.082 ms - -[0m
[0mGET /users/sign_in [36m304[0m 15.830 ms - -[0m
[0mGET /users/sign_in [36m304[0m 15.312 ms - -[0m
[0mGET /users/sign_in [36m304[0m 12.536 ms - -[0m
[0mGET /users/sign_in [36m304[0m 16.624 ms - -[0m
[0mGET /users/sign_in [36m304[0m 14.485 ms - -[0m
[0mGET /users/sign_in [32m200[0m 13.140 ms - 2679[0m
[0mGET /users/sign_in [36m304[0m 12.516 ms - -[0m
[0mGET /users/sign_in [36m304[0m 14.925 ms - -[0m
[0mGET /users/sign_in [36m304[0m 11.841 ms - -[0m
[0mGET /users/sign_in [36m304[0m 15.172 ms - -[0m
[0mGET /users/sign_in [36m304[0m 8.727 ms - -[0m
[0mGET /users/sign_in [36m304[0m 13.692 ms - -[0m
[0mGET /users/sign_in [36m304[0m 11.746 ms - -[0m
[0mGET /users/sign_in [36m304[0m 18.110 ms - -[0m
[0mGET /users/sign_in [36m304[0m 19.735 ms - -[0m
[0mGET /users/sign_in [36m304[0m 13.152 ms - -[0m
[0mGET /users/sign_in [36m304[0m 16.140 ms - -[0m
[0mGET /users/sign_in [36m304[0m 13.532 ms - -[0m
[0mGET /users/sign_in [36m304[0m 13.604 ms - -[0m
[0mGET /users/sign_in [36m304[0m 11.398 ms - -[0m
[0mGET /users/sign_up [32m200[0m 12.107 ms - 2761[0m
[0mGET /users/sign_in [36m304[0m 10.264 ms - -[0m
[0mGET /users/sign_up [32m200[0m 17.019 ms - 2839[0m
[0mGET /users/auth/google [36m302[0m 7.584 ms - 0[0m
[0mGET /users/auth/google/callback?code=4%2F0AbUR2VNLGTjqUUiObDafwUs7LEU573d3vz3bGmkxhNrloZ4fiERM8pQn9t13Q3da3XspJA&scope=email+profile+https%3A%2F%2Fwww.googleapis.com%2Fauth%2Fuserinfo.email+https%3A%2F%2Fwww.googleapis.com%2Fauth%2Fuserinfo.profile+openid&authuser=0&prompt=none [36m302[0m 914.445 ms - 46[0m
[0mGET / [32m200[0m 49.820 ms - 8156[0m
[0mGET /users/sign_out [36m302[0m 14.230 ms - 46[0m
[0mGET / [32m200[0m 27.340 ms - 2701[0m
[0mGET /users/sign_up [32m200[0m 10.916 ms - 2830[0m
[0mGET /users/sign_up [32m200[0m 12.333 ms - 2829[0m
[0mGET /users/sign_in [36m304[0m 10.097 ms - -[0m
[0mGET /users/sign_up [36m304[0m 11.237 ms - -[0m
[0mGET /users/sign_in [36m304[0m 8.201 ms - -[0m
[0mGET /users/sign_up [36m304[0m 10.176 ms - -[0m
[0mGET /users/sign_in [36m304[0m 8.341 ms - -[0m
[0mPOST /users/create-session [36m302[0m 18.355 ms - 46[0m
[0mGET / [32m200[0m 36.050 ms - 8379[0m
[0mGET /users/sign_out [36m302[0m 6.500 ms - 46[0m
[0mGET / [32m200[0m 15.993 ms - 2751[0m
[0mGET /users/sign_up [32m200[0m 7.943 ms - 2879[0m
[0mGET /users/sign_in [32m200[0m 7.328 ms - 2729[0m
[0mPOST /users/create-session [36m302[0m 11.635 ms - 46[0m
[0mGET / [32m200[0m 22.533 ms - 8904[0m
[0mGET / [32m200[0m 25.017 ms - 8662[0m
[0mGET / [36m304[0m 32.513 ms - -[0m
[0mGET / [32m200[0m 27.597 ms - 8676[0m
[0mGET / [36m304[0m 27.749 ms - -[0m
[0mGET / [36m304[0m 23.732 ms - -[0m
